  Button.cpp
D:\Projekty\C++ projekt\ProjektHodowlaRobakow\HodowlaRobakow\HodowlaRobakow\Button.cpp(26,46): warning C4244: "argument": konwersja z "unsigned int" do "float", możliwa utrata danych
D:\Projekty\C++ projekt\ProjektHodowlaRobakow\HodowlaRobakow\HodowlaRobakow\Button.cpp(43,45): warning C4244: "argument": konwersja z "unsigned int" do "float", możliwa utrata danych
D:\Projekty\C++ projekt\ProjektHodowlaRobakow\HodowlaRobakow\HodowlaRobakow\Button.cpp(49,37): warning C4244: "argument": konwersja z "int" do "T", możliwa utrata danych
          with
          [
              T=float
          ]
D:\Projekty\C++ projekt\ProjektHodowlaRobakow\HodowlaRobakow\HodowlaRobakow\Button.cpp(49,34): warning C4244: "argument": konwersja z "int" do "T", możliwa utrata danych
          with
          [
              T=float
          ]
D:\Projekty\C++ projekt\ProjektHodowlaRobakow\HodowlaRobakow\HodowlaRobakow\Button.cpp(100,35): warning C4244: "argument": konwersja z "int" do "T", możliwa utrata danych
          with
          [
              T=float
          ]
D:\Projekty\C++ projekt\ProjektHodowlaRobakow\HodowlaRobakow\HodowlaRobakow\Button.cpp(100,32): warning C4244: "argument": konwersja z "int" do "T", możliwa utrata danych
          with
          [
              T=float
          ]
  Menu.cpp
D:\Projekty\C++ projekt\ProjektHodowlaRobakow\HodowlaRobakow\HodowlaRobakow\Menu.cpp(57,121): warning C4244: "argument": konwersja z "T" do "int", możliwa utrata danych
          with
          [
              T=float
          ]
D:\Projekty\C++ projekt\ProjektHodowlaRobakow\HodowlaRobakow\HodowlaRobakow\Menu.cpp(57,71): warning C4244: "argument": konwersja z "T" do "int", możliwa utrata danych
          with
          [
              T=float
          ]
D:\Projekty\C++ projekt\ProjektHodowlaRobakow\HodowlaRobakow\HodowlaRobakow\Menu.cpp(66,44): warning C4244: "argument": konwersja z "T" do "int", możliwa utrata danych
          with
          [
              T=float
          ]
D:\Projekty\C++ projekt\ProjektHodowlaRobakow\HodowlaRobakow\HodowlaRobakow\Menu.cpp(65,82): warning C4244: "argument": konwersja z "T" do "int", możliwa utrata danych
          with
          [
              T=float
          ]
D:\Projekty\C++ projekt\ProjektHodowlaRobakow\HodowlaRobakow\HodowlaRobakow\Menu.cpp(73,44): warning C4244: "argument": konwersja z "T" do "int", możliwa utrata danych
          with
          [
              T=float
          ]
D:\Projekty\C++ projekt\ProjektHodowlaRobakow\HodowlaRobakow\HodowlaRobakow\Menu.cpp(72,82): warning C4244: "argument": konwersja z "T" do "int", możliwa utrata danych
          with
          [
              T=float
          ]
D:\Projekty\C++ projekt\ProjektHodowlaRobakow\HodowlaRobakow\HodowlaRobakow\Menu.cpp(91,117): warning C4244: "argument": konwersja z "T" do "int", możliwa utrata danych
          with
          [
              T=float
          ]
D:\Projekty\C++ projekt\ProjektHodowlaRobakow\HodowlaRobakow\HodowlaRobakow\Menu.cpp(91,71): warning C4244: "argument": konwersja z "T" do "int", możliwa utrata danych
          with
          [
              T=float
          ]
D:\Projekty\C++ projekt\ProjektHodowlaRobakow\HodowlaRobakow\HodowlaRobakow\Menu.cpp(102,62): warning C4244: "argument": konwersja z "T" do "int", możliwa utrata danych
          with
          [
              T=float
          ]
D:\Projekty\C++ projekt\ProjektHodowlaRobakow\HodowlaRobakow\HodowlaRobakow\Menu.cpp(102,24): warning C4244: "argument": konwersja z "T" do "int", możliwa utrata danych
          with
          [
              T=float
          ]
D:\Projekty\C++ projekt\ProjektHodowlaRobakow\HodowlaRobakow\HodowlaRobakow\Menu.cpp(121,117): warning C4244: "argument": konwersja z "T" do "int", możliwa utrata danych
          with
          [
              T=float
          ]
D:\Projekty\C++ projekt\ProjektHodowlaRobakow\HodowlaRobakow\HodowlaRobakow\Menu.cpp(121,69): warning C4244: "argument": konwersja z "T" do "int", możliwa utrata danych
          with
          [
              T=float
          ]
D:\Projekty\C++ projekt\ProjektHodowlaRobakow\HodowlaRobakow\HodowlaRobakow\Menu.cpp(130,44): warning C4244: "argument": konwersja z "T" do "int", możliwa utrata danych
          with
          [
              T=float
          ]
D:\Projekty\C++ projekt\ProjektHodowlaRobakow\HodowlaRobakow\HodowlaRobakow\Menu.cpp(129,82): warning C4244: "argument": konwersja z "T" do "int", możliwa utrata danych
          with
          [
              T=float
          ]
D:\Projekty\C++ projekt\ProjektHodowlaRobakow\HodowlaRobakow\HodowlaRobakow\Menu.cpp(137,44): warning C4244: "argument": konwersja z "T" do "int", możliwa utrata danych
          with
          [
              T=float
          ]
D:\Projekty\C++ projekt\ProjektHodowlaRobakow\HodowlaRobakow\HodowlaRobakow\Menu.cpp(136,82): warning C4244: "argument": konwersja z "T" do "int", możliwa utrata danych
          with
          [
              T=float
          ]
D:\Projekty\C++ projekt\ProjektHodowlaRobakow\HodowlaRobakow\HodowlaRobakow\Menu.cpp(182,115): warning C4244: "argument": konwersja z "T" do "int", możliwa utrata danych
          with
          [
              T=float
          ]
D:\Projekty\C++ projekt\ProjektHodowlaRobakow\HodowlaRobakow\HodowlaRobakow\Menu.cpp(182,70): warning C4244: "argument": konwersja z "T" do "int", możliwa utrata danych
          with
          [
              T=float
          ]
D:\Projekty\C++ projekt\ProjektHodowlaRobakow\HodowlaRobakow\HodowlaRobakow\Menu.cpp(474,73): warning C4244: "argument": konwersja z "float" do "T", możliwa utrata danych
          with
          [
              T=int
          ]
D:\Projekty\C++ projekt\ProjektHodowlaRobakow\HodowlaRobakow\HodowlaRobakow\Menu.cpp(474,49): warning C4244: "argument": konwersja z "float" do "T", możliwa utrata danych
          with
          [
              T=int
          ]
  Simulation.cpp
  World.cpp
D:\Projekty\C++ projekt\ProjektHodowlaRobakow\HodowlaRobakow\HodowlaRobakow\World.cpp(16,12): warning C4244: "argument": konwersja z "T" do "int", możliwa utrata danych
          with
          [
              T=float
          ]
D:\Projekty\C++ projekt\ProjektHodowlaRobakow\HodowlaRobakow\HodowlaRobakow\World.cpp(15,38): warning C4244: "argument": konwersja z "T" do "int", możliwa utrata danych
          with
          [
              T=float
          ]
D:\Projekty\C++ projekt\ProjektHodowlaRobakow\HodowlaRobakow\HodowlaRobakow\World.cpp(85,20): warning C4018: "<": niezgodność typu ze znakiem/bez znaku
D:\Projekty\C++ projekt\ProjektHodowlaRobakow\HodowlaRobakow\HodowlaRobakow\World.cpp(99,21): warning C4018: "<": niezgodność typu ze znakiem/bez znaku
D:\Projekty\C++ projekt\ProjektHodowlaRobakow\HodowlaRobakow\HodowlaRobakow\World.cpp(104,40): warning C4244: "argument": konwersja z "float" do "int", możliwa utrata danych
D:\Projekty\C++ projekt\ProjektHodowlaRobakow\HodowlaRobakow\HodowlaRobakow\World.cpp(144,21): warning C4018: "<": niezgodność typu ze znakiem/bez znaku
D:\Projekty\C++ projekt\ProjektHodowlaRobakow\HodowlaRobakow\HodowlaRobakow\World.cpp(149,43): warning C4244: "argument": konwersja z "const T" do "int", możliwa utrata danych
          with
          [
              T=float
          ]
D:\Projekty\C++ projekt\ProjektHodowlaRobakow\HodowlaRobakow\HodowlaRobakow\World.cpp(148,67): warning C4244: "argument": konwersja z "const T" do "int", możliwa utrata danych
          with
          [
              T=float
          ]
D:\Projekty\C++ projekt\ProjektHodowlaRobakow\HodowlaRobakow\HodowlaRobakow\World.cpp(184,20): warning C4018: "<": niezgodność typu ze znakiem/bez znaku
D:\Projekty\C++ projekt\ProjektHodowlaRobakow\HodowlaRobakow\HodowlaRobakow\World.cpp(187,15): warning C4244: "argument": konwersja z "T" do "int", możliwa utrata danych
          with
          [
              T=float
          ]
D:\Projekty\C++ projekt\ProjektHodowlaRobakow\HodowlaRobakow\HodowlaRobakow\World.cpp(186,31): warning C4244: "argument": konwersja z "T" do "int", możliwa utrata danych
          with
          [
              T=float
          ]
D:\Projekty\C++ projekt\ProjektHodowlaRobakow\HodowlaRobakow\HodowlaRobakow\World.cpp(194,20): warning C4018: "<": niezgodność typu ze znakiem/bez znaku
D:\Projekty\C++ projekt\ProjektHodowlaRobakow\HodowlaRobakow\HodowlaRobakow\World.cpp(206,22): warning C4244: "=": konwersja z "float" do "int", możliwa utrata danych
  main.cpp
  Trwa generowanie kodu
  5 of 510 functions ( 1.0%) were compiled, the rest were copied from previous compilation.
    0 functions were new in current compilation
    2 functions had inline decision re-evaluated but remain unchanged
  Zakończono generowanie kodu
  HodowlaRobakow.vcxproj -> D:\Projekty\C++ projekt\ProjektHodowlaRobakow\HodowlaRobakow\Release\HodowlaRobakow.exe
