d:\projekty\c++ projekt\projekthodowlarobakow\hodowlarobakow\hodowlarobakow\debug\vc142.pdb
d:\projekty\c++ projekt\projekthodowlarobakow\hodowlarobakow\hodowlarobakow\debug\vc142.idb
d:\projekty\c++ projekt\projekthodowlarobakow\hodowlarobakow\hodowlarobakow\debug\worm.nativecodeanalysis.sarif
d:\projekty\c++ projekt\projekthodowlarobakow\hodowlarobakow\hodowlarobakow\debug\worm.nativecodeanalysis.xml
d:\projekty\c++ projekt\projekthodowlarobakow\hodowlarobakow\hodowlarobakow\debug\world.nativecodeanalysis.sarif
d:\projekty\c++ projekt\projekthodowlarobakow\hodowlarobakow\hodowlarobakow\debug\world.nativecodeanalysis.xml
d:\projekty\c++ projekt\projekthodowlarobakow\hodowlarobakow\hodowlarobakow\debug\simulation.nativecodeanalysis.sarif
d:\projekty\c++ projekt\projekthodowlarobakow\hodowlarobakow\hodowlarobakow\debug\simulation.nativecodeanalysis.xml
d:\projekty\c++ projekt\projekthodowlarobakow\hodowlarobakow\hodowlarobakow\debug\menu.nativecodeanalysis.sarif
d:\projekty\c++ projekt\projekthodowlarobakow\hodowlarobakow\hodowlarobakow\debug\menu.nativecodeanalysis.xml
d:\projekty\c++ projekt\projekthodowlarobakow\hodowlarobakow\hodowlarobakow\debug\main.nativecodeanalysis.sarif
d:\projekty\c++ projekt\projekthodowlarobakow\hodowlarobakow\hodowlarobakow\debug\main.nativecodeanalysis.xml
d:\projekty\c++ projekt\projekthodowlarobakow\hodowlarobakow\hodowlarobakow\debug\ground.nativecodeanalysis.sarif
d:\projekty\c++ projekt\projekthodowlarobakow\hodowlarobakow\hodowlarobakow\debug\ground.nativecodeanalysis.xml
d:\projekty\c++ projekt\projekthodowlarobakow\hodowlarobakow\hodowlarobakow\debug\button.nativecodeanalysis.sarif
d:\projekty\c++ projekt\projekthodowlarobakow\hodowlarobakow\hodowlarobakow\debug\button.nativecodeanalysis.xml
d:\projekty\c++ projekt\projekthodowlarobakow\hodowlarobakow\hodowlarobakow\debug\button.obj
d:\projekty\c++ projekt\projekthodowlarobakow\hodowlarobakow\hodowlarobakow\debug\ground.obj
d:\projekty\c++ projekt\projekthodowlarobakow\hodowlarobakow\hodowlarobakow\debug\main.obj
d:\projekty\c++ projekt\projekthodowlarobakow\hodowlarobakow\hodowlarobakow\debug\menu.obj
d:\projekty\c++ projekt\projekthodowlarobakow\hodowlarobakow\hodowlarobakow\debug\simulation.obj
d:\projekty\c++ projekt\projekthodowlarobakow\hodowlarobakow\hodowlarobakow\debug\world.obj
d:\projekty\c++ projekt\projekthodowlarobakow\hodowlarobakow\hodowlarobakow\debug\worm.obj
d:\projekty\c++ projekt\projekthodowlarobakow\hodowlarobakow\debug\hodowlarobakow.ilk
d:\projekty\c++ projekt\projekthodowlarobakow\hodowlarobakow\debug\hodowlarobakow.exe
d:\projekty\c++ projekt\projekthodowlarobakow\hodowlarobakow\debug\hodowlarobakow.pdb
d:\projekty\c++ projekt\projekthodowlarobakow\hodowlarobakow\hodowlarobakow\debug\vc.nativecodeanalysis.all.xml
d:\projekty\c++ projekt\projekthodowlarobakow\hodowlarobakow\hodowlarobakow\debug\hodowlarobakow.tlog\cl.command.1.tlog
d:\projekty\c++ projekt\projekthodowlarobakow\hodowlarobakow\hodowlarobakow\debug\hodowlarobakow.tlog\cl.read.1.tlog
d:\projekty\c++ projekt\projekthodowlarobakow\hodowlarobakow\hodowlarobakow\debug\hodowlarobakow.tlog\cl.write.1.tlog
d:\projekty\c++ projekt\projekthodowlarobakow\hodowlarobakow\hodowlarobakow\debug\hodowlarobakow.tlog\link.command.1.tlog
d:\projekty\c++ projekt\projekthodowlarobakow\hodowlarobakow\hodowlarobakow\debug\hodowlarobakow.tlog\link.read.1.tlog
d:\projekty\c++ projekt\projekthodowlarobakow\hodowlarobakow\hodowlarobakow\debug\hodowlarobakow.tlog\link.write.1.tlog
